Copyright 1986-2019 Xilinx, Inc. All Rights Reserved.
----------------------------------------------------------------------------------------
| Tool Version : Vivado v.2019.2 (lin64) Build 2708876 Wed Nov  6 21:39:14 MST 2019
| Date         : Tue Aug 16 17:30:07 2022
| Host         : wzy running 64-bit Ubuntu 20.04.4 LTS
| Command      : report_clock_utilization -file soc_up_top_clock_utilization_routed.rpt
| Design       : soc_up_top
| Device       : 7a200t-fbg676
| Speed File   : -2  PRODUCTION 1.23 2018-06-13
| Design State : Routed
----------------------------------------------------------------------------------------

Clock Utilization Report

Table of Contents
-----------------
1. Clock Primitive Utilization
2. Global Clock Resources
3. Global Clock Source Details
4. Local Clock Details
5. Clock Regions: Key Resource Utilization
6. Clock Regions : Global Clock Summary
7. Device Cell Placement Summary for Global Clock g0
8. Device Cell Placement Summary for Global Clock g1
9. Device Cell Placement Summary for Global Clock g2
10. Device Cell Placement Summary for Global Clock g3
11. Device Cell Placement Summary for Global Clock g4
12. Device Cell Placement Summary for Global Clock g5
13. Device Cell Placement Summary for Global Clock g6
14. Device Cell Placement Summary for Global Clock g7
15. Device Cell Placement Summary for Global Clock g8
16. Clock Region Cell Placement per Global Clock: Region X1Y0
17. Clock Region Cell Placement per Global Clock: Region X0Y1
18. Clock Region Cell Placement per Global Clock: Region X1Y1
19. Clock Region Cell Placement per Global Clock: Region X0Y2
20. Clock Region Cell Placement per Global Clock: Region X1Y2
21. Clock Region Cell Placement per Global Clock: Region X0Y3
22. Clock Region Cell Placement per Global Clock: Region X1Y3
23. Clock Region Cell Placement per Global Clock: Region X0Y4
24. Clock Region Cell Placement per Global Clock: Region X1Y4

1. Clock Primitive Utilization
------------------------------

+----------+------+-----------+-----+--------------+--------+
| Type     | Used | Available | LOC | Clock Region | Pblock |
+----------+------+-----------+-----+--------------+--------+
| BUFGCTRL |    8 |        32 |   0 |            0 |      0 |
| BUFH     |    1 |       120 |   0 |            0 |      0 |
| BUFIO    |    0 |        40 |   0 |            0 |      0 |
| BUFMR    |    0 |        20 |   0 |            0 |      0 |
| BUFR     |    0 |        40 |   0 |            0 |      0 |
| MMCM     |    1 |        10 |   1 |            0 |      0 |
| PLL      |    3 |        10 |   1 |            0 |      0 |
+----------+------+-----------+-----+--------------+--------+


2. Global Clock Resources
-------------------------

+-----------+-----------+-----------------+------------+----------------+--------------+-------------------+-------------+-----------------+--------------+---------------------+-------------------------------------------------------------------------------------------+------------------------------------------------------------------------------------+
| Global Id | Source Id | Driver Type/Pin | Constraint | Site           | Clock Region | Load Clock Region | Clock Loads | Non-Clock Loads | Clock Period | Clock               | Driver Pin                                                                                | Net                                                                                |
+-----------+-----------+-----------------+------------+----------------+--------------+-------------------+-------------+-----------------+--------------+---------------------+-------------------------------------------------------------------------------------------+------------------------------------------------------------------------------------+
| g0        | src0      | BUFG/O          | None       | BUFGCTRL_X0Y17 | n/a          |                 9 |       39387 |               0 |       15.152 | clk_out1_clk_pll_33 | clk_pll_33/inst/clkout1_buf/O                                                             | clk_pll_33/inst/clk_out1                                                           |
| g1        | src1      | BUFG/O          | None       | BUFGCTRL_X0Y16 | n/a          |                 3 |        9878 |               0 |       10.000 | clk_pll_i           | mig_axi/u_mig_axi_32_mig/u_ddr3_infrastructure/u_bufg_clkdiv0/O                           | mig_axi/u_mig_axi_32_mig/u_ddr3_infrastructure/CLK                                 |
| g2        | src2      | BUFG/O          | None       | BUFGCTRL_X0Y2  | n/a          |                 1 |         375 |               0 |       40.000 | mrxclk_0            | mrxclk_0_IBUF_BUFG_inst/O                                                                 | mrxclk_0_IBUF_BUFG                                                                 |
| g3        | src3      | BUFG/O          | None       | BUFGCTRL_X0Y3  | n/a          |                 1 |         287 |               0 |       40.000 | mtxclk_0            | mtxclk_0_IBUF_BUFG_inst/O                                                                 | mtxclk_0_IBUF_BUFG                                                                 |
| g4        | src4      | BUFG/O          | None       | BUFGCTRL_X0Y0  | n/a          |                 2 |          62 |               0 |        5.000 | clk_out1_clk_wiz_0  | clk_pll_1/inst/clkout1_buf/O                                                              | clk_pll_1/inst/clk_out1                                                            |
| g5        | src4      | BUFG/O          | None       | BUFGCTRL_X0Y4  | n/a          |                 1 |           1 |               0 |       10.000 | clkfbout_clk_wiz_0  | clk_pll_1/inst/clkf_buf/O                                                                 | clk_pll_1/inst/clkfbout_buf_clk_wiz_0                                              |
| g6        | src0      | BUFG/O          | None       | BUFGCTRL_X0Y18 | n/a          |                 1 |           1 |               0 |       20.000 | clkfbout_clk_pll_33 | clk_pll_33/inst/clkf_buf/O                                                                | clk_pll_33/inst/clkfbout_buf_clk_pll_33                                            |
| g7        | src5      | BUFH/O          | None       | BUFHCE_X0Y48   | X0Y4         |                 1 |           1 |               0 |       10.000 | pll_clk3_out        | mig_axi/u_mig_axi_32_mig/u_ddr3_infrastructure/u_bufh_pll_clk3/O                          | mig_axi/u_mig_axi_32_mig/u_ddr3_infrastructure/pll_clk3                            |
| g8        | src6      | BUFG/O          | None       | BUFGCTRL_X0Y1  | n/a          |                 7 |           0 |           29244 |          n/a | n/a                 | cpu_mid/u_mips_cpu/fifo/Look_up_table_read_first_/bbstub_S00_AXI_ARESET_OUT_N_BUFG_inst/O | cpu_mid/u_mips_cpu/fifo/Look_up_table_read_first_/bbstub_S00_AXI_ARESET_OUT_N_BUFG |
+-----------+-----------+-----------------+------------+----------------+--------------+-------------------+-------------+-----------------+--------------+---------------------+-------------------------------------------------------------------------------------------+------------------------------------------------------------------------------------+
* Clock Loads column represents the clock pin loads (pin count)
** Non-Clock Loads column represents the non-clock pin loads (pin count)


3. Global Clock Source Details
------------------------------

+-----------+-----------+---------------------+-----------------+-----------------+--------------+-------------+-----------------+---------------------+---------------------+-------------------------------------------------------------------------+-------------------------------------------------------------------------------+
| Source Id | Global Id | Driver Type/Pin     | Constraint      | Site            | Clock Region | Clock Loads | Non-Clock Loads | Source Clock Period | Source Clock        | Driver Pin                                                              | Net                                                                           |
+-----------+-----------+---------------------+-----------------+-----------------+--------------+-------------+-----------------+---------------------+---------------------+-------------------------------------------------------------------------+-------------------------------------------------------------------------------+
| src0      | g0        | PLLE2_ADV/CLKOUT0   | None            | PLLE2_ADV_X0Y3  | X0Y3         |           1 |               0 |              15.152 | clk_out1_clk_pll_33 | clk_pll_33/inst/plle2_adv_inst/CLKOUT0                                  | clk_pll_33/inst/clk_out1_clk_pll_33                                           |
| src0      | g6        | PLLE2_ADV/CLKFBOUT  | None            | PLLE2_ADV_X0Y3  | X0Y3         |           1 |               0 |              20.000 | clkfbout_clk_pll_33 | clk_pll_33/inst/plle2_adv_inst/CLKFBOUT                                 | clk_pll_33/inst/clkfbout_clk_pll_33                                           |
| src1      | g1        | MMCME2_ADV/CLKFBOUT | MMCME2_ADV_X0Y4 | MMCME2_ADV_X0Y4 | X0Y4         |           1 |               0 |              10.000 | clk_pll_i           | mig_axi/u_mig_axi_32_mig/u_ddr3_infrastructure/gen_mmcm.mmcm_i/CLKFBOUT | mig_axi/u_mig_axi_32_mig/u_ddr3_infrastructure/clk_pll_i                      |
| src2      | g2        | IBUF/O              | IOB_X0Y24       | IOB_X0Y24       | X0Y0         |           1 |               0 |              40.000 | mrxclk_0            | mrxclk_0_IBUF_inst/O                                                    | mrxclk_0_IBUF                                                                 |
| src3      | g3        | IBUF/O              | IOB_X0Y28       | IOB_X0Y28       | X0Y0         |           1 |               0 |              40.000 | mtxclk_0            | mtxclk_0_IBUF_inst/O                                                    | mtxclk_0_IBUF                                                                 |
| src4      | g4        | PLLE2_ADV/CLKOUT0   | None            | PLLE2_ADV_X0Y2  | X0Y2         |           1 |               0 |               5.000 | clk_out1_clk_wiz_0  | clk_pll_1/inst/plle2_adv_inst/CLKOUT0                                   | clk_pll_1/inst/clk_out1_clk_wiz_0                                             |
| src4      | g5        | PLLE2_ADV/CLKFBOUT  | None            | PLLE2_ADV_X0Y2  | X0Y2         |           1 |               0 |              10.000 | clkfbout_clk_wiz_0  | clk_pll_1/inst/plle2_adv_inst/CLKFBOUT                                  | clk_pll_1/inst/clkfbout_clk_wiz_0                                             |
| src5      | g7        | PLLE2_ADV/CLKOUT3   | PLLE2_ADV_X0Y4  | PLLE2_ADV_X0Y4  | X0Y4         |           1 |               0 |              10.000 | pll_clk3_out        | mig_axi/u_mig_axi_32_mig/u_ddr3_infrastructure/plle2_i/CLKOUT3          | mig_axi/u_mig_axi_32_mig/u_ddr3_infrastructure/pll_clk3_out                   |
| src6      | g8        | LUT1/O              | None            | SLICE_X85Y143   | X1Y2         |           1 |               0 |                     |                     | cpu_mid/u_mips_cpu/fifo/Look_up_table_read_first_/PCW[31]_i_3/O         | cpu_mid/u_mips_cpu/fifo/Look_up_table_read_first_/bbstub_S00_AXI_ARESET_OUT_N |
+-----------+-----------+---------------------+-----------------+-----------------+--------------+-------------+-----------------+---------------------+---------------------+-------------------------------------------------------------------------+-------------------------------------------------------------------------------+
* Clock Loads column represents the clock pin loads (pin count)
** Non-Clock Loads column represents the non-clock pin loads (pin count)


4. Local Clock Details
----------------------

+----------+----------------------------+----------------------+-------------------------------------+--------------+-------------+-----------------+--------------+---------------+-----------------------------------------------------------------------------------------------------------------------------------------------------------------------------------------------+--------------------------------------------------------------------------------------------------------------------------------------------------------------------------------------------+
| Local Id | Driver Type/Pin            | Constraint           | Site/BEL                            | Clock Region | Clock Loads | Non-Clock Loads | Clock Period | Clock         | Driver Pin                                                                                                                                                                                    | Net                                                                                                                                                                                        |
+----------+----------------------------+----------------------+-------------------------------------+--------------+-------------+-----------------+--------------+---------------+-----------------------------------------------------------------------------------------------------------------------------------------------------------------------------------------------+--------------------------------------------------------------------------------------------------------------------------------------------------------------------------------------------||
| 0        | PLLE2_ADV/CLKOUT0          | PLLE2_ADV_X0Y4       | PLLE2_ADV_X0Y4/PLLE2_ADV            | X0Y4         |           5 |               2 |        1.250 | freq_refclk   | mig_axi/u_mig_axi_32_mig/u_ddr3_infrastructure/plle2_i/CLKOUT0                                                                                                                                | mig_axi/u_mig_axi_32_mig/u_ddr3_infrastructure/freq_refclk                                                                                                                                 - Static -
| 1        | PHASER_OUT_PHY/OCLKDELAYED | PHASER_OUT_PHY_X0Y16 | PHASER_OUT_PHY_X0Y16/PHASER_OUT_PHY | X0Y4         |           2 |               0 |        2.500 | oserdes_clk   | mig_axi/u_mig_axi_32_mig/u_memc_ui_top_axi/mem_intfc0/ddr_phy_top0/u_ddr_mc_phy_wrapper/u_ddr_mc_phy/ddr_phy_4lanes_0.u_ddr_phy_4lanes/ddr_byte_lane_A.ddr_byte_lane_A/phaser_out/OCLKDELAYED | mig_axi/u_mig_axi_32_mig/u_memc_ui_top_axi/mem_intfc0/ddr_phy_top0/u_ddr_mc_phy_wrapper/u_ddr_mc_phy/ddr_phy_4lanes_0.u_ddr_phy_4lanes/ddr_byte_lane_A.ddr_byte_lane_A/oserdes_clk_delayed - Static -
| 2        | PHASER_OUT_PHY/OCLKDELAYED | PHASER_OUT_PHY_X0Y17 | PHASER_OUT_PHY_X0Y17/PHASER_OUT_PHY | X0Y4         |           2 |               0 |        2.500 | oserdes_clk_1 | mig_axi/u_mig_axi_32_mig/u_memc_ui_top_axi/mem_intfc0/ddr_phy_top0/u_ddr_mc_phy_wrapper/u_ddr_mc_phy/ddr_phy_4lanes_0.u_ddr_phy_4lanes/ddr_byte_lane_B.ddr_byte_lane_B/phaser_out/OCLKDELAYED | mig_axi/u_mig_axi_32_mig/u_memc_ui_top_axi/mem_intfc0/ddr_phy_top0/u_ddr_mc_phy_wrapper/u_ddr_mc_phy/ddr_phy_4lanes_0.u_ddr_phy_4lanes/ddr_byte_lane_B.ddr_byte_lane_B/oserdes_clk_delayed - Static -
| 3        | PLLE2_ADV/CLKOUT1          | PLLE2_ADV_X0Y4       | PLLE2_ADV_X0Y4/PLLE2_ADV            | X0Y4         |           1 |               6 |        2.500 | mem_refclk    | mig_axi/u_mig_axi_32_mig/u_ddr3_infrastructure/plle2_i/CLKOUT1                                                                                                                                | mig_axi/u_mig_axi_32_mig/u_ddr3_infrastructure/mem_refclk                                                                                                                                  - Static -
+----------+----------------------------+----------------------+-------------------------------------+--------------+-------------+-----------------+--------------+---------------+-----------------------------------------------------------------------------------------------------------------------------------------------------------------------------------------------+--------------------------------------------------------------------------------------------------------------------------------------------------------------------------------------------||
* Local Clocks in this context represents only clocks driven by non-global buffers
** Clock Loads column represents the clock pin loads (pin count)
*** Non-Clock Loads column represents the non-clock pin loads (pin count)


5. Clock Regions: Key Resource Utilization
------------------------------------------

+-------------------+--------------+--------------+--------------+--------------+--------------+--------------+--------------+--------------+--------------+--------------+---------------+--------------+--------------+--------------+--------------+
|                   | Global Clock |     BUFRs    |    BUFMRs    |    BUFIOs    |     MMCM     |      PLL     |      GT      |      PCI     |    ILOGIC    |    OLOGIC    |       FF      |     LUTM     |    RAMB18    |    RAMB36    |    DSP48E2   |
+-------------------+------+-------+------+-------+------+-------+------+-------+------+-------+------+-------+------+-------+------+-------+------+-------+------+-------+-------+-------+------+-------+------+-------+------+-------+------+-------+
| Clock Region Name | Used | Avail | Used | Avail | Used | Avail | Used | Avail | Used | Avail | Used | Avail | Used | Avail | Used | Avail | Used | Avail | Used | Avail | Used  | Avail | Used | Avail | Used | Avail | Used | Avail | Used | Avail |
+-------------------+------+-------+------+-------+------+-------+------+-------+------+-------+------+-------+------+-------+------+-------+------+-------+------+-------+-------+-------+------+-------+------+-------+------+-------+------+-------+
| X0Y0              |    0 |    12 |    0 |     4 |    0 |     2 |    0 |     4 |    0 |     1 |    0 |     1 |    0 |     4 |    0 |     0 |    0 |    50 |    0 |    50 |     0 |  2700 |    0 |   800 |    0 |    60 |    0 |    30 |    0 |    60 |
| X1Y0              |    1 |    12 |    0 |     4 |    0 |     2 |    0 |     4 |    0 |     1 |    0 |     1 |    0 |     4 |    0 |     0 |    0 |    50 |    0 |    50 |     0 |  2500 |    0 |   800 |    1 |    40 |    0 |    20 |    0 |    40 |
| X0Y1              |    2 |    12 |    0 |     4 |    0 |     2 |    0 |     4 |    0 |     1 |    0 |     1 |    0 |     0 |    0 |     0 |    0 |    50 |    0 |    50 |  2145 |  4200 |  673 |  1400 |    7 |   100 |    9 |    50 |    0 |   100 |
| X1Y1              |    2 |    12 |    0 |     4 |    0 |     2 |    0 |     4 |    0 |     1 |    0 |     1 |    0 |     0 |    0 |     0 |    0 |    50 |    0 |    50 |  5992 |  4000 | 1991 |  1400 |    8 |    80 |    0 |    40 |    0 |    80 |
| X0Y2              |    3 |    12 |    0 |     4 |    0 |     2 |    0 |     4 |    0 |     1 |    1 |     1 |    0 |     0 |    0 |     0 |    0 |    50 |    0 |    50 |  8104 |  3600 | 3084 |  1400 |    5 |   100 |    7 |    50 |    0 |   100 |
| X1Y2              |    2 |    12 |    0 |     4 |    0 |     2 |    0 |     4 |    0 |     1 |    0 |     1 |    0 |     0 |    0 |     0 |    0 |    50 |    0 |    50 |  8061 |  4000 | 2690 |  1400 |    4 |    80 |    0 |    40 |    0 |    80 |
| X0Y3              |    7 |    12 |    0 |     4 |    0 |     2 |    0 |     4 |    0 |     1 |    1 |     1 |    0 |     0 |    0 |     0 |    0 |    50 |    0 |    50 | 10059 |  3600 | 3819 |  1400 |    3 |   100 |    1 |    50 |    0 |   100 |
| X1Y3              |    3 |    12 |    0 |     4 |    0 |     2 |    0 |     4 |    0 |     1 |    0 |     1 |    0 |     0 |    0 |     0 |    0 |    50 |    0 |    50 |  8202 |  4000 | 2807 |  1400 |    0 |    80 |    0 |    40 |    0 |    80 |
| X0Y4              |    4 |    12 |    0 |     4 |    0 |     2 |    0 |     4 |    1 |     1 |    0 |     1 |    0 |     4 |    0 |     1 |    0 |    50 |    4 |    50 |  4928 |  2550 | 1444 |   750 |    0 |    50 |    1 |    25 |    0 |    60 |
| X1Y4              |    2 |    12 |    0 |     4 |    0 |     2 |    0 |     4 |    0 |     1 |    0 |     1 |    0 |     4 |    0 |     0 |    0 |    50 |    0 |    50 |  1786 |  2500 |  569 |   800 |    0 |    40 |    0 |    20 |    0 |    40 |
+-------------------+------+-------+------+-------+------+-------+------+-------+------+-------+------+-------+------+-------+------+-------+------+-------+------+-------+-------+-------+------+-------+------+-------+------+-------+------+-------+
* Global Clock column represents track count; while other columns represents cell counts


6. Clock Regions : Global Clock Summary
---------------------------------------

All Modules
+----+----+----+
|    | X0 | X1 |
+----+----+----+
| Y4 |  4 |  2 |
| Y3 |  7 |  3 |
| Y2 |  3 |  2 |
| Y1 |  2 |  2 |
| Y0 |  0 |  1 |
+----+----+----+


7. Device Cell Placement Summary for Global Clock g0
----------------------------------------------------

+-----------+-----------------+-------------------+---------------------+-------------+---------------+-------------+----------+----------------+----------+--------------------------+
| Global Id | Driver Type/Pin | Driver Region (D) | Clock               | Period (ns) | Waveform (ns) | Slice Loads | IO Loads | Clocking Loads | GT Loads | Net                      |
+-----------+-----------------+-------------------+---------------------+-------------+---------------+-------------+----------+----------------+----------+--------------------------+
| g0        | BUFG/O          | n/a               | clk_out1_clk_pll_33 |      15.152 | {0.000 7.576} |       39226 |        0 |              0 |        0 | clk_pll_33/inst/clk_out1 |
+-----------+-----------------+-------------------+---------------------+-------------+---------------+-------------+----------+----------------+----------+--------------------------+
* Slice Loads column represents load cell count of all cell types other than IO, GT and clock resources
** IO Loads column represents load cell count of IO types
*** Clocking Loads column represents load cell count that are clock resources (global clock buffer, MMCM, PLL, etc)
**** GT Loads column represents load cell count of GT types


+----+-------+-------+
|    | X0    | X1    |
+----+-------+-------+
| Y4 |   191 |  1786 |
| Y3 |  4782 |  8097 |
| Y2 |  8123 |  8069 |
| Y1 |  2168 |  6009 |
| Y0 |     0 |     1 |
+----+-------+-------+


8. Device Cell Placement Summary for Global Clock g1
----------------------------------------------------

+-----------+-----------------+-------------------+-----------+-------------+---------------+-------------+----------+----------------+----------+----------------------------------------------------+
| Global Id | Driver Type/Pin | Driver Region (D) | Clock     | Period (ns) | Waveform (ns) | Slice Loads | IO Loads | Clocking Loads | GT Loads | Net                                                |
+-----------+-----------------+-------------------+-----------+-------------+---------------+-------------+----------+----------------+----------+----------------------------------------------------+
| g1        | BUFG/O          | n/a               | clk_pll_i |      10.000 | {0.000 5.000} |        9667 |        0 |              1 |        0 | mig_axi/u_mig_axi_32_mig/u_ddr3_infrastructure/CLK |
+-----------+-----------------+-------------------+-----------+-------------+---------------+-------------+----------+----------------+----------+----------------------------------------------------+
* Slice Loads column represents load cell count of all cell types other than IO, GT and clock resources
** IO Loads column represents load cell count of IO types
*** Clocking Loads column represents load cell count that are clock resources (global clock buffer, MMCM, PLL, etc)
**** GT Loads column represents load cell count of GT types


+----+-------+------+
|    | X0    | X1   |
+----+-------+------+
| Y4 |  4906 |    0 |
| Y3 |  4657 |  105 |
| Y2 |     0 |    0 |
| Y1 |     0 |    0 |
| Y0 |     0 |    0 |
+----+-------+------+


9. Device Cell Placement Summary for Global Clock g2
----------------------------------------------------

+-----------+-----------------+-------------------+----------+-------------+----------------+-------------+----------+----------------+----------+--------------------+
| Global Id | Driver Type/Pin | Driver Region (D) | Clock    | Period (ns) | Waveform (ns)  | Slice Loads | IO Loads | Clocking Loads | GT Loads | Net                |
+-----------+-----------------+-------------------+----------+-------------+----------------+-------------+----------+----------------+----------+--------------------+
| g2        | BUFG/O          | n/a               | mrxclk_0 |      40.000 | {0.000 20.000} |         375 |        0 |              0 |        0 | mrxclk_0_IBUF_BUFG |
+-----------+-----------------+-------------------+----------+-------------+----------------+-------------+----------+----------------+----------+--------------------+
* Slice Loads column represents load cell count of all cell types other than IO, GT and clock resources
** IO Loads column represents load cell count of IO types
*** Clocking Loads column represents load cell count that are clock resources (global clock buffer, MMCM, PLL, etc)
**** GT Loads column represents load cell count of GT types


+----+------+----+
|    | X0   | X1 |
+----+------+----+
| Y4 |    0 |  0 |
| Y3 |  375 |  0 |
| Y2 |    0 |  0 |
| Y1 |    0 |  0 |
| Y0 |    0 |  0 |
+----+------+----+


10. Device Cell Placement Summary for Global Clock g3
-----------------------------------------------------

+-----------+-----------------+-------------------+----------+-------------+----------------+-------------+----------+----------------+----------+--------------------+
| Global Id | Driver Type/Pin | Driver Region (D) | Clock    | Period (ns) | Waveform (ns)  | Slice Loads | IO Loads | Clocking Loads | GT Loads | Net                |
+-----------+-----------------+-------------------+----------+-------------+----------------+-------------+----------+----------------+----------+--------------------+
| g3        | BUFG/O          | n/a               | mtxclk_0 |      40.000 | {0.000 20.000} |         287 |        0 |              0 |        0 | mtxclk_0_IBUF_BUFG |
+-----------+-----------------+-------------------+----------+-------------+----------------+-------------+----------+----------------+----------+--------------------+
* Slice Loads column represents load cell count of all cell types other than IO, GT and clock resources
** IO Loads column represents load cell count of IO types
*** Clocking Loads column represents load cell count that are clock resources (global clock buffer, MMCM, PLL, etc)
**** GT Loads column represents load cell count of GT types


+----+------+----+
|    | X0   | X1 |
+----+------+----+
| Y4 |    0 |  0 |
| Y3 |  287 |  0 |
| Y2 |    0 |  0 |
| Y1 |    0 |  0 |
| Y0 |    0 |  0 |
+----+------+----+


11. Device Cell Placement Summary for Global Clock g4
-----------------------------------------------------

+-----------+-----------------+-------------------+--------------------+-------------+---------------+-------------+----------+----------------+----------+-------------------------+
| Global Id | Driver Type/Pin | Driver Region (D) | Clock              | Period (ns) | Waveform (ns) | Slice Loads | IO Loads | Clocking Loads | GT Loads | Net                     |
+-----------+-----------------+-------------------+--------------------+-------------+---------------+-------------+----------+----------------+----------+-------------------------+
| g4        | BUFG/O          | n/a               | clk_out1_clk_wiz_0 |       5.000 | {0.000 2.500} |          62 |        0 |              0 |        0 | clk_pll_1/inst/clk_out1 |
+-----------+-----------------+-------------------+--------------------+-------------+---------------+-------------+----------+----------------+----------+-------------------------+
* Slice Loads column represents load cell count of all cell types other than IO, GT and clock resources
** IO Loads column represents load cell count of IO types
*** Clocking Loads column represents load cell count that are clock resources (global clock buffer, MMCM, PLL, etc)
**** GT Loads column represents load cell count of GT types


+----+-----+----+
|    | X0  | X1 |
+----+-----+----+
| Y4 |  16 |  0 |
| Y3 |  46 |  0 |
| Y2 |   0 |  0 |
| Y1 |   0 |  0 |
| Y0 |   0 |  0 |
+----+-----+----+


12. Device Cell Placement Summary for Global Clock g5
-----------------------------------------------------

+-----------+-----------------+-------------------+--------------------+-------------+---------------+-------------+----------+----------------+----------+---------------------------------------+
| Global Id | Driver Type/Pin | Driver Region (D) | Clock              | Period (ns) | Waveform (ns) | Slice Loads | IO Loads | Clocking Loads | GT Loads | Net                                   |
+-----------+-----------------+-------------------+--------------------+-------------+---------------+-------------+----------+----------------+----------+---------------------------------------+
| g5        | BUFG/O          | n/a               | clkfbout_clk_wiz_0 |      10.000 | {0.000 5.000} |           0 |        0 |              1 |        0 | clk_pll_1/inst/clkfbout_buf_clk_wiz_0 |
+-----------+-----------------+-------------------+--------------------+-------------+---------------+-------------+----------+----------------+----------+---------------------------------------+
* Slice Loads column represents load cell count of all cell types other than IO, GT and clock resources
** IO Loads column represents load cell count of IO types
*** Clocking Loads column represents load cell count that are clock resources (global clock buffer, MMCM, PLL, etc)
**** GT Loads column represents load cell count of GT types


+----+----+----+
|    | X0 | X1 |
+----+----+----+
| Y4 |  0 |  0 |
| Y3 |  0 |  0 |
| Y2 |  1 |  0 |
| Y1 |  0 |  0 |
| Y0 |  0 |  0 |
+----+----+----+


13. Device Cell Placement Summary for Global Clock g6
-----------------------------------------------------

+-----------+-----------------+-------------------+---------------------+-------------+----------------+-------------+----------+----------------+----------+-----------------------------------------+
| Global Id | Driver Type/Pin | Driver Region (D) | Clock               | Period (ns) | Waveform (ns)  | Slice Loads | IO Loads | Clocking Loads | GT Loads | Net                                     |
+-----------+-----------------+-------------------+---------------------+-------------+----------------+-------------+----------+----------------+----------+-----------------------------------------+
| g6        | BUFG/O          | n/a               | clkfbout_clk_pll_33 |      20.000 | {0.000 10.000} |           0 |        0 |              1 |        0 | clk_pll_33/inst/clkfbout_buf_clk_pll_33 |
+-----------+-----------------+-------------------+---------------------+-------------+----------------+-------------+----------+----------------+----------+-----------------------------------------+
* Slice Loads column represents load cell count of all cell types other than IO, GT and clock resources
** IO Loads column represents load cell count of IO types
*** Clocking Loads column represents load cell count that are clock resources (global clock buffer, MMCM, PLL, etc)
**** GT Loads column represents load cell count of GT types


+----+----+----+
|    | X0 | X1 |
+----+----+----+
| Y4 |  0 |  0 |
| Y3 |  1 |  0 |
| Y2 |  0 |  0 |
| Y1 |  0 |  0 |
| Y0 |  0 |  0 |
+----+----+----+


14. Device Cell Placement Summary for Global Clock g7
-----------------------------------------------------

+-----------+-----------------+-------------------+--------------+-------------+---------------+-------------+----------+----------------+----------+---------------------------------------------------------+
| Global Id | Driver Type/Pin | Driver Region (D) | Clock        | Period (ns) | Waveform (ns) | Slice Loads | IO Loads | Clocking Loads | GT Loads | Net                                                     |
+-----------+-----------------+-------------------+--------------+-------------+---------------+-------------+----------+----------------+----------+---------------------------------------------------------+
| g7        | BUFH/O          | X0Y4              | pll_clk3_out |      10.000 | {0.000 5.000} |           0 |        0 |              1 |        0 | mig_axi/u_mig_axi_32_mig/u_ddr3_infrastructure/pll_clk3 |
+-----------+-----------------+-------------------+--------------+-------------+---------------+-------------+----------+----------------+----------+---------------------------------------------------------+
* Slice Loads column represents load cell count of all cell types other than IO, GT and clock resources
** IO Loads column represents load cell count of IO types
*** Clocking Loads column represents load cell count that are clock resources (global clock buffer, MMCM, PLL, etc)
**** GT Loads column represents load cell count of GT types


+----+--------+----+
|    | X0     | X1 |
+----+--------+----+
| Y4 |  (D) 1 |  0 |
| Y3 |      0 |  0 |
| Y2 |      0 |  0 |
| Y1 |      0 |  0 |
| Y0 |      0 |  0 |
+----+--------+----+


15. Device Cell Placement Summary for Global Clock g8
-----------------------------------------------------

+-----------+-----------------+-------------------+-------+-------------+---------------+-------------+----------+----------------+----------+------------------------------------------------------------------------------------+
| Global Id | Driver Type/Pin | Driver Region (D) | Clock | Period (ns) | Waveform (ns) | Slice Loads | IO Loads | Clocking Loads | GT Loads | Net                                                                                |
+-----------+-----------------+-------------------+-------+-------------+---------------+-------------+----------+----------------+----------+------------------------------------------------------------------------------------+
| g8        | BUFG/O          | n/a               |       |             |               |       29244 |        0 |              0 |        0 | cpu_mid/u_mips_cpu/fifo/Look_up_table_read_first_/bbstub_S00_AXI_ARESET_OUT_N_BUFG |
+-----------+-----------------+-------------------+-------+-------------+---------------+-------------+----------+----------------+----------+------------------------------------------------------------------------------------+
* Slice Loads column represents load cell count of all cell types other than IO, GT and clock resources
** IO Loads column represents load cell count of IO types
*** Clocking Loads column represents load cell count that are clock resources (global clock buffer, MMCM, PLL, etc)
**** GT Loads column represents load cell count of GT types


+----+-------+-------+
|    | X0    | X1    |
+----+-------+-------+
| Y4 |     0 |   622 |
| Y3 |   220 |  5770 |
| Y2 |  6434 |  8061 |
| Y1 |  2145 |  5992 |
| Y0 |     0 |     0 |
+----+-------+-------+


16. Clock Region Cell Placement per Global Clock: Region X1Y0
-------------------------------------------------------------

+-----------+-------+-----------------+------------+-------------+-----------------+----+--------+------+-----+----+------+-----+---------+--------------------------+
| Global Id | Track | Driver Type/Pin | Constraint | Clock Loads | Non-Clock Loads | FF | LUTRAM | RAMB | DSP | GT | MMCM | PLL | Hard IP | Net                      |
+-----------+-------+-----------------+------------+-------------+-----------------+----+--------+------+-----+----+------+-----+---------+--------------------------+
| g0        | n/a   | BUFG/O          | None       |           1 |               0 |  0 |      0 |    1 |   0 |  0 |    0 |   0 |       0 | clk_pll_33/inst/clk_out1 |
+-----------+-------+-----------------+------------+-------------+-----------------+----+--------+------+-----+----+------+-----+---------+--------------------------+
* Clock Loads column represents the clock pin loads (pin count)
** Non-Clock Loads column represents the non-clock pin loads (pin count)
*** Columns FF, LUTRAM, RAMB through 'Hard IP' represents load cell counts


17. Clock Region Cell Placement per Global Clock: Region X0Y1
-------------------------------------------------------------

+-----------+-------+-----------------+------------+-------------+-----------------+------+--------+------+-----+----+------+-----+---------+------------------------------------------------------------------------------------+
| Global Id | Track | Driver Type/Pin | Constraint | Clock Loads | Non-Clock Loads | FF   | LUTRAM | RAMB | DSP | GT | MMCM | PLL | Hard IP | Net                                                                                |
+-----------+-------+-----------------+------------+-------------+-----------------+------+--------+------+-----+----+------+-----+---------+------------------------------------------------------------------------------------+
| g0        | n/a   | BUFG/O          | None       |        2168 |               0 | 2145 |      0 |   16 |   0 |  0 |    0 |   0 |       0 | clk_pll_33/inst/clk_out1                                                           |
| g8        | n/a   | BUFG/O          | None       |           0 |            2145 | 2145 |      0 |    0 |   0 |  0 |    0 |   0 |       0 | cpu_mid/u_mips_cpu/fifo/Look_up_table_read_first_/bbstub_S00_AXI_ARESET_OUT_N_BUFG |
+-----------+-------+-----------------+------------+-------------+-----------------+------+--------+------+-----+----+------+-----+---------+------------------------------------------------------------------------------------+
* Clock Loads column represents the clock pin loads (pin count)
** Non-Clock Loads column represents the non-clock pin loads (pin count)
*** Columns FF, LUTRAM, RAMB through 'Hard IP' represents load cell counts


18. Clock Region Cell Placement per Global Clock: Region X1Y1
-------------------------------------------------------------

+-----------+-------+-----------------+------------+-------------+-----------------+------+--------+------+-----+----+------+-----+---------+------------------------------------------------------------------------------------+
| Global Id | Track | Driver Type/Pin | Constraint | Clock Loads | Non-Clock Loads | FF   | LUTRAM | RAMB | DSP | GT | MMCM | PLL | Hard IP | Net                                                                                |
+-----------+-------+-----------------+------------+-------------+-----------------+------+--------+------+-----+----+------+-----+---------+------------------------------------------------------------------------------------+
| g0        | n/a   | BUFG/O          | None       |        6009 |               0 | 5992 |      0 |    8 |   0 |  0 |    0 |   0 |       0 | clk_pll_33/inst/clk_out1                                                           |
| g8        | n/a   | BUFG/O          | None       |           0 |            5992 | 5992 |      0 |    0 |   0 |  0 |    0 |   0 |       0 | cpu_mid/u_mips_cpu/fifo/Look_up_table_read_first_/bbstub_S00_AXI_ARESET_OUT_N_BUFG |
+-----------+-------+-----------------+------------+-------------+-----------------+------+--------+------+-----+----+------+-----+---------+------------------------------------------------------------------------------------+
* Clock Loads column represents the clock pin loads (pin count)
** Non-Clock Loads column represents the non-clock pin loads (pin count)
*** Columns FF, LUTRAM, RAMB through 'Hard IP' represents load cell counts


19. Clock Region Cell Placement per Global Clock: Region X0Y2
-------------------------------------------------------------

+-----------+-------+-----------------+------------+-------------+-----------------+------+--------+------+-----+----+------+-----+---------+------------------------------------------------------------------------------------+
| Global Id | Track | Driver Type/Pin | Constraint | Clock Loads | Non-Clock Loads | FF   | LUTRAM | RAMB | DSP | GT | MMCM | PLL | Hard IP | Net                                                                                |
+-----------+-------+-----------------+------------+-------------+-----------------+------+--------+------+-----+----+------+-----+---------+------------------------------------------------------------------------------------+
| g0        | n/a   | BUFG/O          | None       |        8123 |               0 | 8104 |      2 |   12 |   0 |  0 |    0 |   0 |       0 | clk_pll_33/inst/clk_out1                                                           |
| g5        | n/a   | BUFG/O          | None       |           1 |               0 |    0 |      0 |    0 |   0 |  0 |    0 |   1 |       0 | clk_pll_1/inst/clkfbout_buf_clk_wiz_0                                              |
| g8        | n/a   | BUFG/O          | None       |           0 |            6434 | 6434 |      0 |    0 |   0 |  0 |    0 |   0 |       0 | cpu_mid/u_mips_cpu/fifo/Look_up_table_read_first_/bbstub_S00_AXI_ARESET_OUT_N_BUFG |
+-----------+-------+-----------------+------------+-------------+-----------------+------+--------+------+-----+----+------+-----+---------+------------------------------------------------------------------------------------+
* Clock Loads column represents the clock pin loads (pin count)
** Non-Clock Loads column represents the non-clock pin loads (pin count)
*** Columns FF, LUTRAM, RAMB through 'Hard IP' represents load cell counts


20. Clock Region Cell Placement per Global Clock: Region X1Y2
-------------------------------------------------------------

+-----------+-------+-----------------+------------+-------------+-----------------+------+--------+------+-----+----+------+-----+---------+------------------------------------------------------------------------------------+
| Global Id | Track | Driver Type/Pin | Constraint | Clock Loads | Non-Clock Loads | FF   | LUTRAM | RAMB | DSP | GT | MMCM | PLL | Hard IP | Net                                                                                |
+-----------+-------+-----------------+------------+-------------+-----------------+------+--------+------+-----+----+------+-----+---------+------------------------------------------------------------------------------------+
| g0        | n/a   | BUFG/O          | None       |        8069 |               0 | 8061 |      0 |    4 |   0 |  0 |    0 |   0 |       0 | clk_pll_33/inst/clk_out1                                                           |
| g8        | n/a   | BUFG/O          | None       |           0 |            8061 | 8061 |      0 |    0 |   0 |  0 |    0 |   0 |       0 | cpu_mid/u_mips_cpu/fifo/Look_up_table_read_first_/bbstub_S00_AXI_ARESET_OUT_N_BUFG |
+-----------+-------+-----------------+------------+-------------+-----------------+------+--------+------+-----+----+------+-----+---------+------------------------------------------------------------------------------------+
* Clock Loads column represents the clock pin loads (pin count)
** Non-Clock Loads column represents the non-clock pin loads (pin count)
*** Columns FF, LUTRAM, RAMB through 'Hard IP' represents load cell counts


21. Clock Region Cell Placement per Global Clock: Region X0Y3
-------------------------------------------------------------

+-----------+-------+-----------------+------------+-------------+-----------------+------+--------+------+-----+----+------+-----+---------+------------------------------------------------------------------------------------+
| Global Id | Track | Driver Type/Pin | Constraint | Clock Loads | Non-Clock Loads | FF   | LUTRAM | RAMB | DSP | GT | MMCM | PLL | Hard IP | Net                                                                                |
+-----------+-------+-----------------+------------+-------------+-----------------+------+--------+------+-----+----+------+-----+---------+------------------------------------------------------------------------------------+
| g0        | n/a   | BUFG/O          | None       |        4782 |               0 | 4772 |      1 |    3 |   0 |  0 |    0 |   0 |       0 | clk_pll_33/inst/clk_out1                                                           |
| g1        | n/a   | BUFG/O          | None       |        4657 |               0 | 4583 |     73 |    1 |   0 |  0 |    0 |   0 |       0 | mig_axi/u_mig_axi_32_mig/u_ddr3_infrastructure/CLK                                 |
| g2        | n/a   | BUFG/O          | None       |         375 |               0 |  373 |      0 |    0 |   0 |  0 |    0 |   0 |       0 | mrxclk_0_IBUF_BUFG                                                                 |
| g3        | n/a   | BUFG/O          | None       |         287 |               0 |  286 |      0 |    0 |   0 |  0 |    0 |   0 |       0 | mtxclk_0_IBUF_BUFG                                                                 |
| g4        | n/a   | BUFG/O          | None       |          46 |               0 |   45 |      0 |    0 |   0 |  0 |    0 |   0 |       0 | clk_pll_1/inst/clk_out1                                                            |
| g6        | n/a   | BUFG/O          | None       |           1 |               0 |    0 |      0 |    0 |   0 |  0 |    0 |   1 |       0 | clk_pll_33/inst/clkfbout_buf_clk_pll_33                                            |
| g8        | n/a   | BUFG/O          | None       |           0 |             220 |  220 |      0 |    0 |   0 |  0 |    0 |   0 |       0 | cpu_mid/u_mips_cpu/fifo/Look_up_table_read_first_/bbstub_S00_AXI_ARESET_OUT_N_BUFG |
+-----------+-------+-----------------+------------+-------------+-----------------+------+--------+------+-----+----+------+-----+---------+------------------------------------------------------------------------------------+
* Clock Loads column represents the clock pin loads (pin count)
** Non-Clock Loads column represents the non-clock pin loads (pin count)
*** Columns FF, LUTRAM, RAMB through 'Hard IP' represents load cell counts


22. Clock Region Cell Placement per Global Clock: Region X1Y3
-------------------------------------------------------------

+-----------+-------+-----------------+------------+-------------+-----------------+------+--------+------+-----+----+------+-----+---------+------------------------------------------------------------------------------------+
| Global Id | Track | Driver Type/Pin | Constraint | Clock Loads | Non-Clock Loads | FF   | LUTRAM | RAMB | DSP | GT | MMCM | PLL | Hard IP | Net                                                                                |
+-----------+-------+-----------------+------------+-------------+-----------------+------+--------+------+-----+----+------+-----+---------+------------------------------------------------------------------------------------+
| g0        | n/a   | BUFG/O          | None       |        8097 |               0 | 8097 |      0 |    0 |   0 |  0 |    0 |   0 |       0 | clk_pll_33/inst/clk_out1                                                           |
| g1        | n/a   | BUFG/O          | None       |         105 |               0 |  105 |      0 |    0 |   0 |  0 |    0 |   0 |       0 | mig_axi/u_mig_axi_32_mig/u_ddr3_infrastructure/CLK                                 |
| g8        | n/a   | BUFG/O          | None       |           0 |            5770 | 5770 |      0 |    0 |   0 |  0 |    0 |   0 |       0 | cpu_mid/u_mips_cpu/fifo/Look_up_table_read_first_/bbstub_S00_AXI_ARESET_OUT_N_BUFG |
+-----------+-------+-----------------+------------+-------------+-----------------+------+--------+------+-----+----+------+-----+---------+------------------------------------------------------------------------------------+
* Clock Loads column represents the clock pin loads (pin count)
** Non-Clock Loads column represents the non-clock pin loads (pin count)
*** Columns FF, LUTRAM, RAMB through 'Hard IP' represents load cell counts


23. Clock Region Cell Placement per Global Clock: Region X0Y4
-------------------------------------------------------------

+-----------+-------+-----------------+------------+-------------+-----------------+------+--------+------+-----+----+------+-----+---------+---------------------------------------------------------+
| Global Id | Track | Driver Type/Pin | Constraint | Clock Loads | Non-Clock Loads | FF   | LUTRAM | RAMB | DSP | GT | MMCM | PLL | Hard IP | Net                                                     |
+-----------+-------+-----------------+------------+-------------+-----------------+------+--------+------+-----+----+------+-----+---------+---------------------------------------------------------+
| g0        | n/a   | BUFG/O          | None       |         191 |               0 |  191 |      0 |    0 |   0 |  0 |    0 |   0 |       0 | clk_pll_33/inst/clk_out1                                |
| g1        | n/a   | BUFG/O          | None       |        4906 |               0 | 4722 |    153 |    1 |   0 |  0 |    1 |   0 |       0 | mig_axi/u_mig_axi_32_mig/u_ddr3_infrastructure/CLK      |
| g4        | n/a   | BUFG/O          | None       |          16 |               0 |   15 |      0 |    0 |   0 |  0 |    0 |   0 |       0 | clk_pll_1/inst/clk_out1                                 |
| g7        | n/a   | BUFH/O          | None       |           1 |               0 |    0 |      0 |    0 |   0 |  0 |    1 |   0 |       0 | mig_axi/u_mig_axi_32_mig/u_ddr3_infrastructure/pll_clk3 |
+-----------+-------+-----------------+------------+-------------+-----------------+------+--------+------+-----+----+------+-----+---------+---------------------------------------------------------+
* Clock Loads column represents the clock pin loads (pin count)
** Non-Clock Loads column represents the non-clock pin loads (pin count)
*** Columns FF, LUTRAM, RAMB through 'Hard IP' represents load cell counts


24. Clock Region Cell Placement per Global Clock: Region X1Y4
-------------------------------------------------------------

+-----------+-------+-----------------+------------+-------------+-----------------+------+--------+------+-----+----+------+-----+---------+------------------------------------------------------------------------------------+
| Global Id | Track | Driver Type/Pin | Constraint | Clock Loads | Non-Clock Loads | FF   | LUTRAM | RAMB | DSP | GT | MMCM | PLL | Hard IP | Net                                                                                |
+-----------+-------+-----------------+------------+-------------+-----------------+------+--------+------+-----+----+------+-----+---------+------------------------------------------------------------------------------------+
| g0        | n/a   | BUFG/O          | None       |        1786 |               0 | 1786 |      0 |    0 |   0 |  0 |    0 |   0 |       0 | clk_pll_33/inst/clk_out1                                                           |
| g8        | n/a   | BUFG/O          | None       |           0 |             622 |  622 |      0 |    0 |   0 |  0 |    0 |   0 |       0 | cpu_mid/u_mips_cpu/fifo/Look_up_table_read_first_/bbstub_S00_AXI_ARESET_OUT_N_BUFG |
+-----------+-------+-----------------+------------+-------------+-----------------+------+--------+------+-----+----+------+-----+---------+------------------------------------------------------------------------------------+
* Clock Loads column represents the clock pin loads (pin count)
** Non-Clock Loads column represents the non-clock pin loads (pin count)
*** Columns FF, LUTRAM, RAMB through 'Hard IP' represents load cell counts



# Location of BUFG Primitives 
set_property LOC BUFGCTRL_X0Y3 [get_cells mtxclk_0_IBUF_BUFG_inst]
set_property LOC BUFGCTRL_X0Y2 [get_cells mrxclk_0_IBUF_BUFG_inst]
set_property LOC BUFGCTRL_X0Y16 [get_cells mig_axi/u_mig_axi_32_mig/u_ddr3_infrastructure/u_bufg_clkdiv0]
set_property LOC BUFGCTRL_X0Y1 [get_cells cpu_mid/u_mips_cpu/fifo/Look_up_table_read_first_/bbstub_S00_AXI_ARESET_OUT_N_BUFG_inst]
set_property LOC BUFGCTRL_X0Y18 [get_cells clk_pll_33/inst/clkf_buf]
set_property LOC BUFGCTRL_X0Y17 [get_cells clk_pll_33/inst/clkout1_buf]
set_property LOC BUFGCTRL_X0Y4 [get_cells clk_pll_1/inst/clkf_buf]
set_property LOC BUFGCTRL_X0Y0 [get_cells clk_pll_1/inst/clkout1_buf]

# Location of BUFH Primitives 
set_property LOC BUFHCE_X0Y48 [get_cells mig_axi/u_mig_axi_32_mig/u_ddr3_infrastructure/u_bufh_pll_clk3]

# Location of IO Primitives which is load of clock spine

# Location of clock ports
set_property LOC IOB_X0Y22 [get_ports clk]
set_property LOC IOB_X0Y24 [get_ports mrxclk_0]
set_property LOC IOB_X0Y28 [get_ports mtxclk_0]

# Clock net "mtxclk_0_IBUF_BUFG" driven by instance "mtxclk_0_IBUF_BUFG_inst" located at site "BUFGCTRL_X0Y3"
#startgroup
create_pblock {CLKAG_mtxclk_0_IBUF_BUFG}
add_cells_to_pblock [get_pblocks  {CLKAG_mtxclk_0_IBUF_BUFG}] [get_cells -filter { PRIMITIVE_GROUP != I/O && IS_PRIMITIVE==1 && PRIMITIVE_LEVEL !=INTERNAL } -of_object [get_pins -filter {DIRECTION==IN} -of_objects [get_nets -hierarchical -filter {PARENT=="mtxclk_0_IBUF_BUFG"}]]]
resize_pblock [get_pblocks {CLKAG_mtxclk_0_IBUF_BUFG}] -add {CLOCKREGION_X0Y3:CLOCKREGION_X0Y3}
#endgroup

# Clock net "mrxclk_0_IBUF_BUFG" driven by instance "mrxclk_0_IBUF_BUFG_inst" located at site "BUFGCTRL_X0Y2"
#startgroup
create_pblock {CLKAG_mrxclk_0_IBUF_BUFG}
add_cells_to_pblock [get_pblocks  {CLKAG_mrxclk_0_IBUF_BUFG}] [get_cells -filter { PRIMITIVE_GROUP != I/O && IS_PRIMITIVE==1 && PRIMITIVE_LEVEL !=INTERNAL } -of_object [get_pins -filter {DIRECTION==IN} -of_objects [get_nets -hierarchical -filter {PARENT=="mrxclk_0_IBUF_BUFG"}]]]
resize_pblock [get_pblocks {CLKAG_mrxclk_0_IBUF_BUFG}] -add {CLOCKREGION_X0Y3:CLOCKREGION_X0Y3}
#endgroup

# Clock net "mig_axi/u_mig_axi_32_mig/u_ddr3_infrastructure/CLK" driven by instance "mig_axi/u_mig_axi_32_mig/u_ddr3_infrastructure/u_bufg_clkdiv0" located at site "BUFGCTRL_X0Y16"
#startgroup
create_pblock {CLKAG_mig_axi/u_mig_axi_32_mig/u_ddr3_infrastructure/CLK}
add_cells_to_pblock [get_pblocks  {CLKAG_mig_axi/u_mig_axi_32_mig/u_ddr3_infrastructure/CLK}] [get_cells -filter { PRIMITIVE_GROUP != I/O && IS_PRIMITIVE==1 && PRIMITIVE_LEVEL !=INTERNAL && NAME!=mig_axi/u_mig_axi_32_mig/u_ddr3_infrastructure/gen_mmcm.mmcm_i} -of_object [get_pins -filter {DIRECTION==IN} -of_objects [get_nets -hierarchical -filter {PARENT=="mig_axi/u_mig_axi_32_mig/u_ddr3_infrastructure/CLK"}]]]
resize_pblock [get_pblocks {CLKAG_mig_axi/u_mig_axi_32_mig/u_ddr3_infrastructure/CLK}] -add {CLOCKREGION_X0Y3:CLOCKREGION_X0Y3 CLOCKREGION_X0Y4:CLOCKREGION_X0Y4 CLOCKREGION_X1Y3:CLOCKREGION_X1Y3}
#endgroup

# Clock net "cpu_mid/u_mips_cpu/fifo/Look_up_table_read_first_/bbstub_S00_AXI_ARESET_OUT_N_BUFG" driven by instance "cpu_mid/u_mips_cpu/fifo/Look_up_table_read_first_/bbstub_S00_AXI_ARESET_OUT_N_BUFG_inst" located at site "BUFGCTRL_X0Y1"
#startgroup
create_pblock {CLKAG_cpu_mid/u_mips_cpu/fifo/Look_up_table_read_first_/bbstub_S00_AXI_ARESET_OUT_N_BUFG}
add_cells_to_pblock [get_pblocks  {CLKAG_cpu_mid/u_mips_cpu/fifo/Look_up_table_read_first_/bbstub_S00_AXI_ARESET_OUT_N_BUFG}] [get_cells -filter { PRIMITIVE_GROUP != I/O && IS_PRIMITIVE==1 && PRIMITIVE_LEVEL !=INTERNAL } -of_object [get_pins -filter {DIRECTION==IN} -of_objects [get_nets -hierarchical -filter {PARENT=="cpu_mid/u_mips_cpu/fifo/Look_up_table_read_first_/bbstub_S00_AXI_ARESET_OUT_N_BUFG"}]]]
resize_pblock [get_pblocks {CLKAG_cpu_mid/u_mips_cpu/fifo/Look_up_table_read_first_/bbstub_S00_AXI_ARESET_OUT_N_BUFG}] -add {CLOCKREGION_X0Y1:CLOCKREGION_X0Y1 CLOCKREGION_X0Y2:CLOCKREGION_X0Y2 CLOCKREGION_X0Y3:CLOCKREGION_X0Y3 CLOCKREGION_X1Y1:CLOCKREGION_X1Y1 CLOCKREGION_X1Y2:CLOCKREGION_X1Y2 CLOCKREGION_X1Y3:CLOCKREGION_X1Y3 CLOCKREGION_X1Y4:CLOCKREGION_X1Y4}
#endgroup

# Clock net "clk_pll_33/inst/clk_out1" driven by instance "clk_pll_33/inst/clkout1_buf" located at site "BUFGCTRL_X0Y17"
#startgroup
create_pblock {CLKAG_clk_pll_33/inst/clk_out1}
add_cells_to_pblock [get_pblocks  {CLKAG_clk_pll_33/inst/clk_out1}] [get_cells -filter { PRIMITIVE_GROUP != I/O && IS_PRIMITIVE==1 && PRIMITIVE_LEVEL !=INTERNAL } -of_object [get_pins -filter {DIRECTION==IN} -of_objects [get_nets -hierarchical -filter {PARENT=="clk_pll_33/inst/clk_out1"}]]]
resize_pblock [get_pblocks {CLKAG_clk_pll_33/inst/clk_out1}] -add {CLOCKREGION_X0Y1:CLOCKREGION_X0Y1 CLOCKREGION_X0Y2:CLOCKREGION_X0Y2 CLOCKREGION_X0Y3:CLOCKREGION_X0Y3 CLOCKREGION_X0Y4:CLOCKREGION_X0Y4 CLOCKREGION_X1Y0:CLOCKREGION_X1Y0 CLOCKREGION_X1Y1:CLOCKREGION_X1Y1 CLOCKREGION_X1Y2:CLOCKREGION_X1Y2 CLOCKREGION_X1Y3:CLOCKREGION_X1Y3 CLOCKREGION_X1Y4:CLOCKREGION_X1Y4}
#endgroup

# Clock net "clk_pll_1/inst/clk_out1" driven by instance "clk_pll_1/inst/clkout1_buf" located at site "BUFGCTRL_X0Y0"
#startgroup
create_pblock {CLKAG_clk_pll_1/inst/clk_out1}
add_cells_to_pblock [get_pblocks  {CLKAG_clk_pll_1/inst/clk_out1}] [get_cells -filter { PRIMITIVE_GROUP != I/O && IS_PRIMITIVE==1 && PRIMITIVE_LEVEL !=INTERNAL } -of_object [get_pins -filter {DIRECTION==IN} -of_objects [get_nets -hierarchical -filter {PARENT=="clk_pll_1/inst/clk_out1"}]]]
resize_pblock [get_pblocks {CLKAG_clk_pll_1/inst/clk_out1}] -add {CLOCKREGION_X0Y3:CLOCKREGION_X0Y3 CLOCKREGION_X0Y4:CLOCKREGION_X0Y4}
#endgroup
