
*** Running vivado
    with args -log sram_128x22.vds -m64 -product Vivado -mode batch -messageDb vivado.pb -notrace -source sram_128x22.tcl


****** Vivado v2019.2 (64-bit)
  **** SW Build 2708876 on Wed Nov  6 21:39:14 MST 2019
  **** IP Build 2700528 on Thu Nov  7 00:09:20 MST 2019
    ** Copyright 1986-2019 Xilinx, Inc. All Rights Reserved.

source sram_128x22.tcl -notrace
Command: synth_design -top sram_128x22 -part xc7a200tfbg676-2 -mode out_of_context
Starting synth_design
Attempting to get a license for feature 'Synthesis' and/or device 'xc7a200t'
INFO: [Common 17-349] Got license for feature 'Synthesis' and/or device 'xc7a200t'
INFO: [Device 21-403] Loading part xc7a200tfbg676-2
INFO: Launching helper process for spawning children vivado processes
INFO: Helper process launched with PID 825127 

*** Running vivado
    with args -log sram_128x22.vds -m64 -product Vivado -mode batch -messageDb vivado.pb -notrace -source sram_128x22.tcl


****** Vivado v2019.2 (64-bit)
  **** SW Build 2708876 on Wed Nov  6 21:39:14 MST 2019
  **** IP Build 2700528 on Thu Nov  7 00:09:20 MST 2019
    ** Copyright 1986-2019 Xilinx, Inc. All Rights Reserved.

source sram_128x22.tcl -notrace
WARNING: [Vivado 12-818] No files matched '/home/ddddddd/learning/ic_design/nscscc-group/soc_run_os_v0.01/soc_up/vivado_xpr/project_1/xilinx_ip/sram_128x22/sram_128x22_ooc.xdc'
ERROR: [Common 17-55] 'set_property' expects at least one object.
Resolution: If [get_<value>] was used to populate the object, check to make sure this command returns at least one valid object.
INFO: [Common 17-206] Exiting Vivado at Sun Aug  7 18:29:42 2022...
